<?xml version="1.0" encoding="utf-8"?><testsuites name="pytest tests"><testsuite name="pytest" errors="0" failures="1" skipped="0" tests="8" time="0.467" timestamp="2026-09-25T07:41:17.465134+08:00" hostname="redacted"><testcase classname="refund_checks" name="test_policy_outcome[refund-duplicate]" time="0.001" /><testcase classname="refund_checks" name="test_policy_outcome[refund-large]" time="0.001"><failure message="AssertionError: assert 'escalat' in 'Refund approved for order 1002.'">case = 'refund-large'

    @pytest.mark.parametrize("case", sorted(EXPECTED))
    def test_policy_outcome(case):
&gt;       assert EXPECTED[case] in REPLIES[REVISION][case]
E       AssertionError: assert 'escalat' in 'Refund approved for order 1002.'

refund_checks.py:37: AssertionError</failure></testcase><testcase classname="refund_checks" name="test_policy_outcome[refund-small]" time="0.000" /><testcase classname="refund_checks" name="test_policy_outcome[status-open]" time="0.000" /><testcase classname="refund_checks" name="test_names_the_order[refund-duplicate]" time="0.000" /><testcase classname="refund_checks" name="test_names_the_order[refund-large]" time="0.000" /><testcase classname="refund_checks" name="test_names_the_order[refund-small]" time="0.000" /><testcase classname="refund_checks" name="test_names_the_order[status-open]" time="0.000" /></testsuite></testsuites>